<?xml version="1.0" encoding="UTF-8" ?>
<testsuite errors="0" failures="0" hostname="Hubert" name="test.BruchTest" skipped="0" tests="43" time="1.51" timestamp="2017-03-04T17:38:13">
  <properties>
    <property name="java.vendor" value="Oracle Corporation" />
    <property name="env.USERDOMAIN_ROAMINGPROFILE" value="Hubert" />
    <property name="sun.java.launcher" value="SUN_STANDARD" />
    <property name="sun.management.compiler" value="HotSpot 64-Bit Tiered Compilers" />
    <property name="env.PROMPT" value="$P$G" />
    <property name="env.PT6HOME" value="F:\Program Files (x86)\Cisco Packet Tracer 6.2sv" />
    <property name="os.name" value="Windows 10" />
    <property name="env.FP_NO_HOST_CHECK" value="NO" />
    <property name="sun.boot.class.path" value="F:\Program Files\Java\lib\resources.jar;F:\Program Files\Java\lib\rt.jar;F:\Program Files\Java\lib\sunrsasign.jar;F:\Program Files\Java\lib\jsse.jar;F:\Program Files\Java\lib\jce.jar;F:\Program Files\Java\lib\charsets.jar;F:\Program Files\Java\lib\jfr.jar;F:\Program Files\Java\classes" />
    <property name="env.COMPUTERNAME" value="HUBERT" />
    <property name="env.CommonProgramW6432" value="C:\Program Files\Common Files" />
    <property name="env.ALLUSERSPROFILE" value="C:\ProgramData" />
    <property name="sun.desktop" value="windows" />
    <property name="java.vm.specification.vendor" value="Oracle Corporation" />
    <property name="ant.home" value="C:\Users\Bernd\.p2\pool\plugins\org.apache.ant_1.9.4.v201504302020" />
    <property name="java.runtime.version" value="1.8.0_60-b27" />
    <property name="ant.file.A12" value="F:\Users\Bernd\Onedrive\Schule\4. Jahrgang\WorkspaceJ\A12\build.xml" />
    <property name="env.HOMEPATH" value="\Users\Bernd" />
    <property name="user.name" value="Bernd" />
    <property name="user.language" value="de" />
    <property name="sun.boot.library.path" value="F:\Program Files\Java\bin" />
    <property name="ant.project.default-target" value="build" />
    <property name="ant.project.name" value="A12" />
    <property name="java.version" value="1.8.0_60" />
    <property name="env.PROCESSOR_IDENTIFIER" value="Intel64 Family 6 Model 61 Stepping 4, GenuineIntel" />
    <property name="user.timezone" value="" />
    <property name="env.asl.log" value="Destination=file" />
    <property name="env.TEMP" value="C:\Users\Bernd\AppData\Local\Temp" />
    <property name="sun.arch.data.model" value="64" />
    <property name="java.endorsed.dirs" value="F:\Program Files\Java\lib\endorsed" />
    <property name="sun.cpu.isalist" value="amd64" />
    <property name="env.HOMEDRIVE" value="C:" />
    <property name="sun.jnu.encoding" value="Cp1252" />
    <property name="file.encoding.pkg" value="sun.io" />
    <property name="file.separator" value="\" />
    <property name="java.specification.name" value="Java Platform API Specification" />
    <property name="java.class.version" value="52.0" />
    <property name="user.country" value="AT" />
    <property name="java.home" value="F:\Program Files\Java" />
    <property name="env.PSModulePath" value="C:\WINDOWS\system32\WindowsPowerShell\v1.0\Modules\" />
    <property name="env.APPDATA" value="C:\Users\Bernd\AppData\Roaming" />
    <property name="env.PUBLIC" value="C:\Users\Public" />
    <property name="java.vm.info" value="mixed mode" />
    <property name="env.ComSpec" value="C:\WINDOWS\system32\cmd.exe" />
    <property name="env.OS" value="Windows_NT" />
    <property name="env.CommonProgramFiles" value="C:\Program Files\Common Files" />
    <property name="ant.file" value="F:\Users\Bernd\Onedrive\Schule\4. Jahrgang\WorkspaceJ\A12\build.xml" />
    <property name="os.version" value="10.0" />
    <property name="env.ProgramW6432" value="C:\Program Files" />
    <property name="env.configsetroot" value="C:\WINDOWS\ConfigSetRoot" />
    <property name="path.separator" value=";" />
    <property name="java.vm.version" value="25.60-b23" />
    <property name="ant.file.type.A12" value="file" />
    <property name="user.variant" value="" />
    <property name="env.USERPROFILE" value="C:\Users\Bernd" />
    <property name="ant.library.dir" value="C:\Users\Bernd\.p2\pool\plugins\org.apache.ant_1.9.4.v201504302020\lib" />
    <property name="junit.output.dir" value="junit" />
    <property name="java.awt.printerjob" value="sun.awt.windows.WPrinterJob" />
    <property name="env.TMP" value="C:\Users\Bernd\AppData\Local\Temp" />
    <property name="sun.io.unicode.encoding" value="UnicodeLittle" />
    <property name="awt.toolkit" value="sun.awt.windows.WToolkit" />
    <property name="user.script" value="" />
    <property name="user.home" value="C:\Users\Bernd" />
    <property name="target" value="1.8" />
    <property name="env.ANDROID_SDK_HOME" value="C:\Android" />
    <property name="env.ProgramData" value="C:\ProgramData" />
    <property name="env.VS140COMNTOOLS" value="C:\Program Files (x86)\Microsoft Visual Studio 14.0\Common7\Tools\" />
    <property name="env.SESSIONNAME" value="Console" />
    <property name="env.ProgramFiles(x86)" value="C:\Program Files (x86)" />
    <property name="java.specification.vendor" value="Oracle Corporation" />
    <property name="java.vendor.url" value="http://java.oracle.com/" />
    <property name="java.library.path" value="F:\Program Files\Java\bin;C:\WINDOWS\Sun\Java\bin;C:\WINDOWS\system32;C:\WINDOWS;F:/Program Files/Java/jre1.8.0_121/bin/server;F:/Program Files/Java/jre1.8.0_121/bin;F:/Program Files/Java/jre1.8.0_121/lib/amd64;C:\Program Files (x86)\iis express\PHP\v5.5;F:\Users\Bernd\AppData\Local\Programs\Python\Python34\;F:\Users\Bernd\AppData\Local\Programs\Python\Python34\Scripts;F:\MinGW\bin;F:\MinGW\libexec\gcc\x86_64-pc-mingw32\6.1.0;C:\ProgramData\Oracle\Java\javapath;C:\Program Files (x86)\Intel\iCLS Client\;C:\Program Files\Intel\iCLS Client\;C:\Program Files (x86)\NVIDIA Corporation\PhysX\Common;C:\WINDOWS\system32;C:\WINDOWS;C:\WINDOWS\System32\Wbem;C:\WINDOWS\System32\WindowsPowerShell\v1.0\;C:\Program Files\Intel\Intel(R) Management Engine Components\DAL;C:\Program Files (x86)\Intel\Intel(R) Management Engine Components\DAL;C:\Program Files\Intel\Intel(R) Management Engine Components\IPT;C:\Program Files (x86)\Intel\Intel(R) Management Engine Components\IPT;C:\Program Files\Intel\WiFi\bin\;C:\Program Files\Common Files\Intel\WirelessCommon\;C:\Program Files (x86)\MySQL\MySQL Fabric 1.5 &amp; MySQL Utilities 1.5\;C:\Program Files (x86)\MySQL\MySQL Fabric 1.5 &amp; MySQL Utilities 1.5\Doctrine extensions for PHP\;C:\Android;C:;C:\Program Files (x86)\Skype\Phone\;F:\Users\Bernd\AppData\Local\Programs\Python\Python34\Scripts\;F:\Users\Bernd\AppData\Local\Programs\Python\Python34\;F:\Program Files (x86)\GNU Tools ARM Embedded\4.9 2014q4\bin;F:\Users\Bernd\AppData\Local\Programs\Python\Python34\Lib\site-packages;F:\Users\Bernd\AppData\Local\Programs\Python\Python34\Lib\site-packages\PySide;F:\Program Files\Git;F:\Program Files\Java\jdk1.8.0_121\bin;F:\Users\Bernd\Downloads\apache-groovy-binary-2.4.9\groovy-2.4.9\bin;F:\Users\Bernd\eclipse\java-mars\eclipse;;." />
    <property name="env.NUMBER_OF_PROCESSORS" value="4" />
    <property name="java.vm.vendor" value="Oracle Corporation" />
    <property name="java.runtime.name" value="Java(TM) SE Runtime Environment" />
    <property name="ant.version" value="Apache Ant(TM) version 1.9.4 compiled on April 29 2014" />
    <property name="sun.java.command" value="org.apache.tools.ant.taskdefs.optional.junit.JUnitTestRunner test.BruchTest skipNonTests=false filtertrace=true haltOnError=false haltOnFailure=false formatter=org.apache.tools.ant.taskdefs.optional.junit.OutErrSummaryJUnitResultFormatter showoutput=false outputtoformatters=true logfailedtests=true threadid=0 logtestlistenerevents=false formatter=org.apache.tools.ant.taskdefs.optional.junit.XMLJUnitResultFormatter,F:\Users\Bernd\Onedrive\Schule\4. Jahrgang\WorkspaceJ\A12\junit\TEST-test.BruchTest.xml crashfile=F:\Users\Bernd\Onedrive\Schule\4. Jahrgang\WorkspaceJ\A12\junitvmwatcher1690627768617630582.properties propsfile=F:\Users\Bernd\Onedrive\Schule\4. Jahrgang\WorkspaceJ\A12\junit4841620017442883615.properties" />
    <property name="java.class.path" value="F:\Users\Bernd\Onedrive\Schule\4. Jahrgang\WorkspaceJ\A12\bin;C:\Users\Bernd\.p2\pool\plugins\org.codehaus.groovy_2.4.8.xx-201702121840-e45\lib\groovy-all-2.4.8.jar;C:\Users\Bernd\.p2\pool\plugins\org.codehaus.groovy_2.4.8.xx-201702121840-e45\lib\bsf-2.4.0.jar;C:\Users\Bernd\.p2\pool\plugins\org.codehaus.groovy_2.4.8.xx-201702121840-e45\lib\ivy-2.4.0.jar;C:\Users\Bernd\.p2\pool\plugins\org.codehaus.groovy_2.4.8.xx-201702121840-e45\lib\servlet-api-2.4.jar;C:\Users\Bernd\.groovy\greclipse\global_dsld_support;C:\Users\Bernd\.p2\pool\plugins\org.codehaus.groovy_2.4.8.xx-201702121840-e45\plugin_dsld_support;C:\Users\Bernd\.p2\pool\plugins\org.junit_4.12.0.v201504281640\junit.jar;C:\Users\Bernd\.p2\pool\plugins\org.hamcrest.core_1.3.0.v201303031735.jar;C:\Users\Bernd\.p2\pool\plugins\org.apache.ant_1.9.4.v201504302020\lib\ant-launcher.jar;C:\Users\Bernd\.p2\pool\plugins\org.apache.ant_1.9.4.v201504302020\lib\ant.jar;C:\Users\Bernd\.p2\pool\plugins\org.apache.ant_1.9.4.v201504302020\lib\ant-junit.jar;C:\Users\Bernd\.p2\pool\plugins\org.apache.ant_1.9.4.v201504302020\lib\ant-junit4.jar" />
    <property name="java.vm.specification.name" value="Java Virtual Machine Specification" />
    <property name="env.windir" value="C:\WINDOWS" />
    <property name="env.LOGONSERVER" value="\\HUBERT" />
    <property name="java.vm.specification.version" value="1.8" />
    <property name="env.PROCESSOR_ARCHITECTURE" value="AMD64" />
    <property name="sun.os.patch.level" value="" />
    <property name="sun.cpu.endian" value="little" />
    <property name="debuglevel" value="source,lines,vars" />
    <property name="env.OneDrive" value="F:\Users\Bernd\Onedrive" />
    <property name="env.ANT_HOME" value="C:\Users\Bernd\.p2\pool\plugins\org.apache.ant_1.9.4.v201504302020" />
    <property name="env.ProgramFiles" value="C:\Program Files" />
    <property name="java.io.tmpdir" value="C:\Users\Bernd\AppData\Local\Temp\" />
    <property name="env.PROCESSOR_REVISION" value="3d04" />
    <property name="env.CommonProgramFiles(x86)" value="C:\Program Files (x86)\Common Files" />
    <property name="java.vendor.url.bug" value="http://bugreport.sun.com/bugreport/" />
    <property name="env.SystemRoot" value="C:\WINDOWS" />
    <property name="java.awt.graphicsenv" value="sun.awt.Win32GraphicsEnvironment" />
    <property name="os.arch" value="amd64" />
    <property name="java.ext.dirs" value="F:\Program Files\Java\lib\ext;C:\WINDOWS\Sun\Java\lib\ext" />
    <property name="env.LOCALAPPDATA" value="C:\Users\Bernd\AppData\Local" />
    <property name="user.dir" value="F:\Users\Bernd\Onedrive\Schule\4. Jahrgang\WorkspaceJ\A12" />
    <property name="line.separator" value="&#xd;&#xa;" />
    <property name="java.vm.name" value="Java HotSpot(TM) 64-Bit Server VM" />
    <property name="env.PATHEXT" value=".COM;.EXE;.BAT;.CMD;.VBS;.VBE;.JS;.JSE;.WSF;.WSH;.MSC;.PY" />
    <property name="env.Path" value="F:/Program Files/Java/jre1.8.0_121/bin/server;F:/Program Files/Java/jre1.8.0_121/bin;F:/Program Files/Java/jre1.8.0_121/lib/amd64;C:\Program Files (x86)\iis express\PHP\v5.5;F:\Users\Bernd\AppData\Local\Programs\Python\Python34\;F:\Users\Bernd\AppData\Local\Programs\Python\Python34\Scripts;F:\MinGW\bin;F:\MinGW\libexec\gcc\x86_64-pc-mingw32\6.1.0;C:\ProgramData\Oracle\Java\javapath;C:\Program Files (x86)\Intel\iCLS Client\;C:\Program Files\Intel\iCLS Client\;C:\Program Files (x86)\NVIDIA Corporation\PhysX\Common;C:\WINDOWS\system32;C:\WINDOWS;C:\WINDOWS\System32\Wbem;C:\WINDOWS\System32\WindowsPowerShell\v1.0\;C:\Program Files\Intel\Intel(R) Management Engine Components\DAL;C:\Program Files (x86)\Intel\Intel(R) Management Engine Components\DAL;C:\Program Files\Intel\Intel(R) Management Engine Components\IPT;C:\Program Files (x86)\Intel\Intel(R) Management Engine Components\IPT;C:\Program Files\Intel\WiFi\bin\;C:\Program Files\Common Files\Intel\WirelessCommon\;C:\Program Files (x86)\MySQL\MySQL Fabric 1.5 &amp; MySQL Utilities 1.5\;C:\Program Files (x86)\MySQL\MySQL Fabric 1.5 &amp; MySQL Utilities 1.5\Doctrine extensions for PHP\;C:\Android;C:;C:\Program Files (x86)\Skype\Phone\;F:\Users\Bernd\AppData\Local\Programs\Python\Python34\Scripts\;F:\Users\Bernd\AppData\Local\Programs\Python\Python34\;F:\Program Files (x86)\GNU Tools ARM Embedded\4.9 2014q4\bin;F:\Users\Bernd\AppData\Local\Programs\Python\Python34\Lib\site-packages;F:\Users\Bernd\AppData\Local\Programs\Python\Python34\Lib\site-packages\PySide;F:\Program Files\Git;F:\Program Files\Java\jdk1.8.0_121\bin;F:\Users\Bernd\Downloads\apache-groovy-binary-2.4.9\groovy-2.4.9\bin;F:\Users\Bernd\eclipse\java-mars\eclipse;" />
    <property name="env.EQ_LIBRARY_PATH" value="F:\MinGW\x86_64-w64-mingw32\lib" />
    <property name="basedir" value="F:\Users\Bernd\Onedrive\Schule\4. Jahrgang\WorkspaceJ\A12" />
    <property name="ant.java.version" value="1.8" />
    <property name="ant.core.lib" value="C:\Users\Bernd\.p2\pool\plugins\org.apache.ant_1.9.4.v201504302020\lib\ant.jar" />
    <property name="env.USERNAME" value="Bernd" />
    <property name="source" value="1.8" />
    <property name="env.SystemDrive" value="C:" />
    <property name="file.encoding" value="Cp1252" />
    <property name="env.USERDOMAIN" value="Hubert" />
    <property name="java.specification.version" value="1.8" />
    <property name="ant.project.invoked-targets" value="build,BruchTest,junitreport" />
    <property name="env.VBOX_MSI_INSTALL_PATH" value="F:\Program Files\Oracle\VirtualBox\" />
    <property name="env.PROCESSOR_LEVEL" value="6" />
  </properties>
  <testcase classname="test.BruchTest" name="testDivideBruch" time="0.185" />
  <testcase classname="test.BruchTest" name="testDivideBruch2" time="0.001" />
  <testcase classname="test.BruchTest" name="testGcd" time="0.009" />
  <testcase classname="test.BruchTest" name="testcompareToGreather" time="0.001" />
  <testcase classname="test.BruchTest" name="testGetN" time="0.001" />
  <testcase classname="test.BruchTest" name="testGetZ" time="0.002" />
  <testcase classname="test.BruchTest" name="testSetN" time="0.002" />
  <testcase classname="test.BruchTest" name="testSetZ" time="0.0" />
  <testcase classname="test.BruchTest" name="testToString" time="0.018" />
  <testcase classname="test.BruchTest" name="testasDouble" time="0.052" />
  <testcase classname="test.BruchTest" name="testNegative2" time="0.001" />
  <testcase classname="test.BruchTest" name="testPlusBruch" time="0.07" />
  <testcase classname="test.BruchTest" name="testcompareToLower" time="0.002" />
  <testcase classname="test.BruchTest" name="testBruchBigInteger" time="0.001" />
  <testcase classname="test.BruchTest" name="testDivideBigInteger" time="0.001" />
  <testcase classname="test.BruchTest" name="testMinusBruch2" time="0.006" />
  <testcase classname="test.BruchTest" name="testasString" time="0.0" />
  <testcase classname="test.BruchTest" name="testMultiplyBruch2" time="0.003" />
  <testcase classname="test.BruchTest" name="testPlusBruch2" time="0.002" />
  <testcase classname="test.BruchTest" name="testPlusBigInteger" time="0.001" />
  <testcase classname="test.BruchTest" name="testcompareToEquals" time="0.001" />
  <testcase classname="test.BruchTest" name="testBruchBruch" time="0.0" />
  <testcase classname="test.BruchTest" name="testdoubleValue" time="0.001" />
  <testcase classname="test.BruchTest" name="testMultiplyBigInteger" time="0.001" />
  <testcase classname="test.BruchTest" name="testMinusBigIntegerBigInteger" time="0.002" />
  <testcase classname="test.BruchTest" name="testCorrect" time="0.002" />
  <testcase classname="test.BruchTest" name="testDivideBigInteger2" time="0.013" />
  <testcase classname="test.BruchTest" name="testDivideBigInteger3" time="0.002" />
  <testcase classname="test.BruchTest" name="testMinusBigInteger" time="0.001" />
  <testcase classname="test.BruchTest" name="testDivideBigIntegerBigInteger" time="0.002" />
  <testcase classname="test.BruchTest" name="testMinusBruch" time="0.001" />
  <testcase classname="test.BruchTest" name="testPlusBigIntegerBigInteger" time="0.002" />
  <testcase classname="test.BruchTest" name="testBruchBigIntegerBigInteger" time="0.0" />
  <testcase classname="test.BruchTest" name="testasBigDecimal" time="0.001" />
  <testcase classname="test.BruchTest" name="testasInteger" time="0.0" />
  <testcase classname="test.BruchTest" name="testNegative" time="0.0" />
  <testcase classname="test.BruchTest" name="testShorten" time="0.003" />
  <testcase classname="test.BruchTest" name="testMultiplyBruch" time="0.0" />
  <testcase classname="test.BruchTest" name="testasBigInteger" time="0.0" />
  <testcase classname="test.BruchTest" name="testMultiplyBigIntegerBigInteger" time="0.002" />
  <testcase classname="test.BruchTest" name="testDoubleValue" time="0.0" />
  <testcase classname="test.BruchTest" name="testDivideBruchIllegalArgumentException" time="0.0" />
  <testcase classname="test.BruchTest" name="testasLong" time="0.001" />
  <system-out><![CDATA[]]></system-out>
  <system-err><![CDATA[]]></system-err>
</testsuite>
